This file contains any messages produced by compilers while
running configure, to aid debugging if configure makes a mistake.

It was created by libjpeg configure.new 8.0, which was
generated by GNU Autoconf 2.65.  Invocation command line was

  $ ./configure.new CC=x86_64-w64-mingw32-gcc --host=x86_64-unknown-linux-gnu

## --------- ##
## Platform. ##
## --------- ##

hostname = anon
uname -m = x86_64
uname -r = 4.15.0-42-generic
uname -s = Linux
uname -v = #45-Ubuntu SMP Thu Nov 15 19:32:57 UTC 2018

/usr/bin/uname -p = unknown
/bin/uname -X     = unknown

/bin/arch              = unknown
/usr/bin/arch -k       = unknown
/usr/convex/getsysinfo = unknown
/usr/bin/hostinfo      = unknown
/bin/machine           = unknown
/usr/bin/oslevel       = unknown
/bin/universe          = unknown

PATH: /home/vladimir/perl5/bin
PATH: /home/vladimir/bin/jr/bin
PATH: /bin
PATH: /jre/bin
PATH: /home/vladimir/Téléchargements/dbmain/bin
PATH: /usr/bin
PATH: /bin
PATH: /usr/sbin
PATH: /sbin
PATH: /usr/local/bin
PATH: /usr/X11/bin
PATH: /usr/local/git/bin
PATH: /opt/local/bin
PATH: /usr/bin/vendor_perl
PATH: /usr/bin/core_perl
PATH: /home/vladimir/.fzf/bin


## ----------- ##
## Core tests. ##
## ----------- ##

configure.new:2361: checking build system type
configure.new:2375: result: x86_64-unknown-linux-gnu
configure.new:2395: checking host system type
configure.new:2408: result: x86_64-unknown-linux-gnu
configure.new:2428: checking target system type
configure.new:2441: result: x86_64-unknown-linux-gnu
configure.new:2486: checking for a BSD-compatible install
configure.new:2554: result: /usr/bin/install -c
configure.new:2565: checking whether build environment is sane
configure.new:2615: result: yes
configure.new:2643: WARNING: `missing' script is too old or missing
configure.new:2664: checking for x86_64-unknown-linux-gnu-strip
configure.new:2694: result: no
configure.new:2704: checking for strip
configure.new:2720: found /usr/bin/strip
configure.new:2731: result: strip
configure.new:2756: checking for a thread-safe mkdir -p
configure.new:2795: result: /bin/mkdir -p
configure.new:2808: checking for gawk
configure.new:2824: found /usr/bin/gawk
configure.new:2835: result: gawk
configure.new:2846: checking whether make sets $(MAKE)
configure.new:2868: result: yes
configure.new:2978: checking for style of include used by make
configure.new:3006: result: GNU
configure.new:3036: checking for x86_64-unknown-linux-gnu-gcc
configure.new:3063: result: x86_64-w64-mingw32-gcc
configure.new:3332: checking for C compiler version
configure.new:3341: x86_64-w64-mingw32-gcc --version >&5
x86_64-w64-mingw32-gcc (GCC) 7.3-win32 20180312
Copyright (C) 2017 Free Software Foundation, Inc.
This is free software; see the source for copying conditions.  There is NO
warranty; not even for MERCHANTABILITY or FITNESS FOR A PARTICULAR PURPOSE.

configure.new:3352: $? = 0
configure.new:3341: x86_64-w64-mingw32-gcc -v >&5
Using built-in specs.
COLLECT_GCC=x86_64-w64-mingw32-gcc
COLLECT_LTO_WRAPPER=/usr/lib/gcc/x86_64-w64-mingw32/7.3-win32/lto-wrapper
Target: x86_64-w64-mingw32
Configured with: ../../src/configure --build=x86_64-linux-gnu --prefix=/usr --includedir='/usr/include' --mandir='/usr/share/man' --infodir='/usr/share/info' --sysconfdir=/etc --localstatedir=/var --disable-silent-rules --libdir='/usr/lib/x86_64-linux-gnu' --libexecdir='/usr/lib/x86_64-linux-gnu' --disable-maintainer-mode --disable-dependency-tracking --prefix=/usr --enable-shared --enable-static --disable-multilib --with-system-zlib --libexecdir=/usr/lib --without-included-gettext --libdir=/usr/lib --enable-libstdcxx-time=yes --with-tune=generic --with-headers=/usr/x86_64-w64-mingw32/include --enable-version-specific-runtime-libs --enable-fully-dynamic-string --enable-libgomp --enable-languages=c,c++,fortran,objc,obj-c++,ada --enable-lto --with-plugin-ld --enable-threads=win32 --program-suffix=-win32 --program-prefix=x86_64-w64-mingw32- --target=x86_64-w64-mingw32 --with-as=/usr/bin/x86_64-w64-mingw32-as --with-ld=/usr/bin/x86_64-w64-mingw32-ld --enable-libatomic --enable-libstdcxx-filesystem-ts=yes
Thread model: win32
gcc version 7.3-win32 20180312 (GCC) 
configure.new:3352: $? = 0
configure.new:3341: x86_64-w64-mingw32-gcc -V >&5
x86_64-w64-mingw32-gcc: error: unrecognized command line option '-V'
x86_64-w64-mingw32-gcc: fatal error: no input files
compilation terminated.
configure.new:3352: $? = 1
configure.new:3341: x86_64-w64-mingw32-gcc -qversion >&5
x86_64-w64-mingw32-gcc: error: unrecognized command line option '-qversion'; did you mean '--version'?
x86_64-w64-mingw32-gcc: fatal error: no input files
compilation terminated.
configure.new:3352: $? = 1
configure.new:3372: checking whether the C compiler works
configure.new:3394: x86_64-w64-mingw32-gcc    conftest.c  >&5
configure.new:3398: $? = 0
configure.new:3447: result: yes
configure.new:3450: checking for C compiler default output file name
configure.new:3452: result: a.exe
configure.new:3458: checking for suffix of executables
configure.new:3465: x86_64-w64-mingw32-gcc -o conftest.exe    conftest.c  >&5
configure.new:3469: $? = 0
configure.new:3491: result: .exe
configure.new:3513: checking whether we are cross compiling
configure.new:3521: x86_64-w64-mingw32-gcc -o conftest.exe    conftest.c  >&5
configure.new:3525: $? = 0
configure.new:3532: ./conftest.exe
run-detectors: unable to find an interpreter for ./conftest.exe
configure.new:3536: $? = 2
configure.new:3551: result: yes
configure.new:3556: checking for suffix of object files
configure.new:3578: x86_64-w64-mingw32-gcc -c   conftest.c >&5
configure.new:3582: $? = 0
configure.new:3603: result: o
configure.new:3607: checking whether we are using the GNU C compiler
configure.new:3626: x86_64-w64-mingw32-gcc -c   conftest.c >&5
configure.new:3626: $? = 0
configure.new:3635: result: yes
configure.new:3644: checking whether x86_64-w64-mingw32-gcc accepts -g
configure.new:3664: x86_64-w64-mingw32-gcc -c -g  conftest.c >&5
configure.new:3664: $? = 0
configure.new:3705: result: yes
configure.new:3722: checking for x86_64-w64-mingw32-gcc option to accept ISO C89
configure.new:3786: x86_64-w64-mingw32-gcc  -c -g -O2  conftest.c >&5
configure.new:3786: $? = 0
configure.new:3799: result: none needed
configure.new:3821: checking dependency style of x86_64-w64-mingw32-gcc
configure.new:3931: result: none
configure.new:3946: checking for function prototypes
configure.new:3949: result: yes
configure.new:3968: checking how to run the C preprocessor
configure.new:3999: x86_64-w64-mingw32-gcc -E  conftest.c
configure.new:3999: $? = 0
configure.new:4013: x86_64-w64-mingw32-gcc -E  conftest.c
conftest.c:13:10: fatal error: ac_nonexistent.h: No such file or directory
 #include <ac_nonexistent.h>
          ^~~~~~~~~~~~~~~~~~
compilation terminated.
configure.new:4013: $? = 1
configure.new: failed program was:
| /* confdefs.h */
| #define PACKAGE_NAME "libjpeg"
| #define PACKAGE_TARNAME "libjpeg"
| #define PACKAGE_VERSION "8.0"
| #define PACKAGE_STRING "libjpeg 8.0"
| #define PACKAGE_BUGREPORT ""
| #define PACKAGE_URL ""
| #define PACKAGE "libjpeg"
| #define VERSION "8.0"
| #define PROTOTYPES 1
| #define __PROTOTYPES 1
| /* end confdefs.h.  */
| #include <ac_nonexistent.h>
configure.new:4038: result: x86_64-w64-mingw32-gcc -E
configure.new:4058: x86_64-w64-mingw32-gcc -E  conftest.c
configure.new:4058: $? = 0
configure.new:4072: x86_64-w64-mingw32-gcc -E  conftest.c
conftest.c:13:10: fatal error: ac_nonexistent.h: No such file or directory
 #include <ac_nonexistent.h>
          ^~~~~~~~~~~~~~~~~~
compilation terminated.
configure.new:4072: $? = 1
configure.new: failed program was:
| /* confdefs.h */
| #define PACKAGE_NAME "libjpeg"
| #define PACKAGE_TARNAME "libjpeg"
| #define PACKAGE_VERSION "8.0"
| #define PACKAGE_STRING "libjpeg 8.0"
| #define PACKAGE_BUGREPORT ""
| #define PACKAGE_URL ""
| #define PACKAGE "libjpeg"
| #define VERSION "8.0"
| #define PROTOTYPES 1
| #define __PROTOTYPES 1
| /* end confdefs.h.  */
| #include <ac_nonexistent.h>
configure.new:4101: checking for grep that handles long lines and -e
configure.new:4159: result: /bin/grep
configure.new:4164: checking for egrep
configure.new:4226: result: /bin/grep -E
configure.new:4231: checking for ANSI C header files
configure.new:4251: x86_64-w64-mingw32-gcc -c -g -O2  conftest.c >&5
configure.new:4251: $? = 0
configure.new:4335: result: yes
configure.new:4348: checking for sys/types.h
configure.new:4348: x86_64-w64-mingw32-gcc -c -g -O2  conftest.c >&5
configure.new:4348: $? = 0
configure.new:4348: result: yes
configure.new:4348: checking for sys/stat.h
configure.new:4348: x86_64-w64-mingw32-gcc -c -g -O2  conftest.c >&5
configure.new:4348: $? = 0
configure.new:4348: result: yes
configure.new:4348: checking for stdlib.h
configure.new:4348: x86_64-w64-mingw32-gcc -c -g -O2  conftest.c >&5
configure.new:4348: $? = 0
configure.new:4348: result: yes
configure.new:4348: checking for string.h
configure.new:4348: x86_64-w64-mingw32-gcc -c -g -O2  conftest.c >&5
configure.new:4348: $? = 0
configure.new:4348: result: yes
configure.new:4348: checking for memory.h
configure.new:4348: x86_64-w64-mingw32-gcc -c -g -O2  conftest.c >&5
configure.new:4348: $? = 0
configure.new:4348: result: yes
configure.new:4348: checking for strings.h
configure.new:4348: x86_64-w64-mingw32-gcc -c -g -O2  conftest.c >&5
configure.new:4348: $? = 0
configure.new:4348: result: yes
configure.new:4348: checking for inttypes.h
configure.new:4348: x86_64-w64-mingw32-gcc -c -g -O2  conftest.c >&5
configure.new:4348: $? = 0
configure.new:4348: result: yes
configure.new:4348: checking for stdint.h
configure.new:4348: x86_64-w64-mingw32-gcc -c -g -O2  conftest.c >&5
configure.new:4348: $? = 0
configure.new:4348: result: yes
configure.new:4348: checking for unistd.h
configure.new:4348: x86_64-w64-mingw32-gcc -c -g -O2  conftest.c >&5
configure.new:4348: $? = 0
configure.new:4348: result: yes
configure.new:4371: checking for string.h
configure.new:4371: result: yes
configure.new:4387: checking whether to enable maintainer-specific portions of Makefiles
configure.new:4396: result: no
configure.new:4419: checking for x86_64-unknown-linux-gnu-gcc
configure.new:4446: result: x86_64-w64-mingw32-gcc
configure.new:4715: checking for C compiler version
configure.new:4724: x86_64-w64-mingw32-gcc --version >&5
x86_64-w64-mingw32-gcc (GCC) 7.3-win32 20180312
Copyright (C) 2017 Free Software Foundation, Inc.
This is free software; see the source for copying conditions.  There is NO
warranty; not even for MERCHANTABILITY or FITNESS FOR A PARTICULAR PURPOSE.

configure.new:4735: $? = 0
configure.new:4724: x86_64-w64-mingw32-gcc -v >&5
Using built-in specs.
COLLECT_GCC=x86_64-w64-mingw32-gcc
COLLECT_LTO_WRAPPER=/usr/lib/gcc/x86_64-w64-mingw32/7.3-win32/lto-wrapper
Target: x86_64-w64-mingw32
Configured with: ../../src/configure --build=x86_64-linux-gnu --prefix=/usr --includedir='/usr/include' --mandir='/usr/share/man' --infodir='/usr/share/info' --sysconfdir=/etc --localstatedir=/var --disable-silent-rules --libdir='/usr/lib/x86_64-linux-gnu' --libexecdir='/usr/lib/x86_64-linux-gnu' --disable-maintainer-mode --disable-dependency-tracking --prefix=/usr --enable-shared --enable-static --disable-multilib --with-system-zlib --libexecdir=/usr/lib --without-included-gettext --libdir=/usr/lib --enable-libstdcxx-time=yes --with-tune=generic --with-headers=/usr/x86_64-w64-mingw32/include --enable-version-specific-runtime-libs --enable-fully-dynamic-string --enable-libgomp --enable-languages=c,c++,fortran,objc,obj-c++,ada --enable-lto --with-plugin-ld --enable-threads=win32 --program-suffix=-win32 --program-prefix=x86_64-w64-mingw32- --target=x86_64-w64-mingw32 --with-as=/usr/bin/x86_64-w64-mingw32-as --with-ld=/usr/bin/x86_64-w64-mingw32-ld --enable-libatomic --enable-libstdcxx-filesystem-ts=yes
Thread model: win32
gcc version 7.3-win32 20180312 (GCC) 
configure.new:4735: $? = 0
configure.new:4724: x86_64-w64-mingw32-gcc -V >&5
x86_64-w64-mingw32-gcc: error: unrecognized command line option '-V'
x86_64-w64-mingw32-gcc: fatal error: no input files
compilation terminated.
configure.new:4735: $? = 1
configure.new:4724: x86_64-w64-mingw32-gcc -qversion >&5
x86_64-w64-mingw32-gcc: error: unrecognized command line option '-qversion'; did you mean '--version'?
x86_64-w64-mingw32-gcc: fatal error: no input files
compilation terminated.
configure.new:4735: $? = 1
configure.new:4739: checking whether we are using the GNU C compiler
configure.new:4767: result: yes
configure.new:4776: checking whether x86_64-w64-mingw32-gcc accepts -g
configure.new:4837: result: yes
configure.new:4854: checking for x86_64-w64-mingw32-gcc option to accept ISO C89
configure.new:4931: result: none needed
configure.new:4953: checking dependency style of x86_64-w64-mingw32-gcc
configure.new:5063: result: none
configure.new:5082: checking for x86_64-w64-mingw32-gcc option to accept ISO C99
configure.new:5231: x86_64-w64-mingw32-gcc  -c -g -O2  conftest.c >&5
configure.new:5231: $? = 0
configure.new:5244: result: none needed
configure.new:5353: checking for x86_64-w64-mingw32-gcc option to accept ISO Standard C
configure.new:5364: result: none needed
configure.new:5376: checking how to run the C preprocessor
configure.new:5446: result: x86_64-w64-mingw32-gcc -E
configure.new:5466: x86_64-w64-mingw32-gcc -E  conftest.c
configure.new:5466: $? = 0
configure.new:5480: x86_64-w64-mingw32-gcc -E  conftest.c
conftest.c:24:10: fatal error: ac_nonexistent.h: No such file or directory
 #include <ac_nonexistent.h>
          ^~~~~~~~~~~~~~~~~~
compilation terminated.
configure.new:5480: $? = 1
configure.new: failed program was:
| /* confdefs.h */
| #define PACKAGE_NAME "libjpeg"
| #define PACKAGE_TARNAME "libjpeg"
| #define PACKAGE_VERSION "8.0"
| #define PACKAGE_STRING "libjpeg 8.0"
| #define PACKAGE_BUGREPORT ""
| #define PACKAGE_URL ""
| #define PACKAGE "libjpeg"
| #define VERSION "8.0"
| #define PROTOTYPES 1
| #define __PROTOTYPES 1
| #define STDC_HEADERS 1
| #define HAVE_SYS_TYPES_H 1
| #define HAVE_SYS_STAT_H 1
| #define HAVE_STDLIB_H 1
| #define HAVE_STRING_H 1
| #define HAVE_MEMORY_H 1
| #define HAVE_STRINGS_H 1
| #define HAVE_INTTYPES_H 1
| #define HAVE_STDINT_H 1
| #define HAVE_UNISTD_H 1
| #define HAVE_STRING_H 1
| /* end confdefs.h.  */
| #include <ac_nonexistent.h>
configure.new:5509: checking whether make sets $(MAKE)
configure.new:5531: result: yes
configure.new:5540: checking whether ln -s works
configure.new:5544: result: yes
configure.new:5560: checking if LD -Wl,--version-script works
configure.new:5584: x86_64-w64-mingw32-gcc -o conftest.exe -g -O2   -Wl,--version-script=conftest.map conftest.c  >&5
configure.new:5584: $? = 0
configure.new:5593: result: yes
configure.new:5606: checking for function prototypes
configure.new:5633: x86_64-w64-mingw32-gcc -c -g -O2  conftest.c >&5
configure.new:5633: $? = 0
configure.new:5641: result: yes
configure.new:5659: checking stddef.h usability
configure.new:5659: x86_64-w64-mingw32-gcc -c -g -O2  conftest.c >&5
configure.new:5659: $? = 0
configure.new:5659: result: yes
configure.new:5659: checking stddef.h presence
configure.new:5659: x86_64-w64-mingw32-gcc -E  conftest.c
configure.new:5659: $? = 0
configure.new:5659: result: yes
configure.new:5659: checking for stddef.h
configure.new:5659: result: yes
configure.new:5659: checking for stdlib.h
configure.new:5659: result: yes
configure.new:5659: checking locale.h usability
configure.new:5659: x86_64-w64-mingw32-gcc -c -g -O2  conftest.c >&5
configure.new:5659: $? = 0
configure.new:5659: result: yes
configure.new:5659: checking locale.h presence
configure.new:5659: x86_64-w64-mingw32-gcc -E  conftest.c
configure.new:5659: $? = 0
configure.new:5659: result: yes
configure.new:5659: checking for locale.h
configure.new:5659: result: yes
configure.new:5670: checking for string.h
configure.new:5670: result: yes
configure.new:5683: checking for size_t
configure.new:5710: x86_64-w64-mingw32-gcc -c -g -O2  conftest.c >&5
configure.new:5710: $? = 0
configure.new:5716: result: yes
configure.new:5750: checking for type unsigned char
configure.new:5763: x86_64-w64-mingw32-gcc -c -g -O2  conftest.c >&5
configure.new:5763: $? = 0
configure.new:5764: result: yes
configure.new:5774: checking for type unsigned short
configure.new:5787: x86_64-w64-mingw32-gcc -c -g -O2  conftest.c >&5
configure.new:5787: $? = 0
configure.new:5788: result: yes
configure.new:5798: checking for type void
configure.new:5832: x86_64-w64-mingw32-gcc -c -g -O2  conftest.c >&5
configure.new:5832: $? = 0
configure.new:5833: result: yes
configure.new:5843: checking for an ANSI C-conforming const
configure.new:5908: x86_64-w64-mingw32-gcc -c -g -O2  conftest.c >&5
configure.new:5908: $? = 0
configure.new:5915: result: yes
configure.new:5925: checking for inline
configure.new:5940: x86_64-w64-mingw32-gcc -c -g -O2  conftest.c >&5
configure.new:5940: $? = 0
configure.new:5978: result: __inline__
configure.new:5987: checking for broken incomplete types
configure.new:6000: x86_64-w64-mingw32-gcc -c -g -O2  conftest.c >&5
configure.new:6000: $? = 0
configure.new:6001: result: ok
configure.new:6013: checking for short external names
configure.new:6029: x86_64-w64-mingw32-gcc -o conftest.exe -g -O2   conftest.c  >&5
configure.new:6029: $? = 0
configure.new:6030: result: ok
configure.new:6043: checking to see if char is signed
configure.new:6088: checking to see if right shift is signed
configure.new:6091: result: Assuming that right shift is signed on target machine.
configure.new:6138: checking to see if fopen accepts b spec
configure.new:6141: result: Assuming that it does.
configure.new:6498: checking for a sed that does not truncate output
configure.new:6562: result: /bin/sed
configure.new:6580: checking for fgrep
configure.new:6642: result: /bin/grep -F
configure.new:6677: checking for ld used by x86_64-w64-mingw32-gcc
configure.new:6744: result: /usr/bin/x86_64-w64-mingw32-ld
configure.new:6751: checking if the linker (/usr/bin/x86_64-w64-mingw32-ld) is GNU ld
configure.new:6766: result: yes
configure.new:6778: checking for BSD- or MS-compatible name lister (nm)
configure.new:6827: result: /usr/bin/nm -B
configure.new:6945: checking the name lister (/usr/bin/nm -B) interface
configure.new:6952: x86_64-w64-mingw32-gcc -c -g -O2  conftest.c >&5
configure.new:6955: /usr/bin/nm -B "conftest.o"
configure.new:6958: output
0000000000000000 b .bss
0000000000000000 d .data
0000000000000000 N .debug_abbrev
0000000000000000 N .debug_aranges
0000000000000000 N .debug_info
0000000000000000 N .debug_line
0000000000000000 r .rdata$zzz
0000000000000000 t .text
0000000000000000 B some_variable
configure.new:6965: result: BSD nm
configure.new:6969: checking the maximum length of command line arguments
configure.new:7089: result: 1572864
configure.new:7106: checking whether the shell understands some XSI constructs
configure.new:7116: result: yes
configure.new:7120: checking whether the shell understands "+="
configure.new:7126: result: yes
configure.new:7161: checking for /usr/bin/x86_64-w64-mingw32-ld option to reload object files
configure.new:7168: result: -r
configure.new:7197: checking for x86_64-unknown-linux-gnu-objdump
configure.new:7224: result: objdump
configure.new:7293: checking how to recognize dependent libraries
configure.new:7489: result: pass_all
configure.new:7509: checking for x86_64-unknown-linux-gnu-ar
configure.new:7539: result: no
configure.new:7549: checking for ar
configure.new:7565: found /usr/bin/ar
configure.new:7576: result: ar
configure.new:7588: WARNING: using cross tools not prefixed with host triplet
configure.new:7614: checking for x86_64-unknown-linux-gnu-strip
configure.new:7641: result: strip
configure.new:7713: checking for x86_64-unknown-linux-gnu-ranlib
configure.new:7743: result: no
configure.new:7753: checking for ranlib
configure.new:7769: found /usr/bin/ranlib
configure.new:7780: result: ranlib
configure.new:7870: checking command to parse /usr/bin/nm -B output from x86_64-w64-mingw32-gcc object
configure.new:7988: x86_64-w64-mingw32-gcc -c -g -O2  conftest.c >&5
configure.new:7991: $? = 0
configure.new:7995: /usr/bin/nm -B conftest.o \| sed -n -e 's/^.*[	 ]\([ABCDGIRSTW][ABCDGIRSTW]*\)[	 ][	 ]*\([_A-Za-z][_A-Za-z0-9]*\)$/\1 \2 \2/p' \> conftest.nm
configure.new:7998: $? = 0
configure.new:8052: x86_64-w64-mingw32-gcc -o conftest.exe -g -O2   conftest.c conftstm.o >&5
configure.new:8055: $? = 0
configure.new:8093: result: ok
configure.new:8188: x86_64-w64-mingw32-gcc -c -g -O2  conftest.c >&5
configure.new:8191: $? = 0
configure.new:8898: checking for dlfcn.h
configure.new:8898: x86_64-w64-mingw32-gcc -c -g -O2  conftest.c >&5
conftest.c:65:10: fatal error: dlfcn.h: No such file or directory
 #include <dlfcn.h>
          ^~~~~~~~~
compilation terminated.
configure.new:8898: $? = 1
configure.new: failed program was:
| /* confdefs.h */
| #define PACKAGE_NAME "libjpeg"
| #define PACKAGE_TARNAME "libjpeg"
| #define PACKAGE_VERSION "8.0"
| #define PACKAGE_STRING "libjpeg 8.0"
| #define PACKAGE_BUGREPORT ""
| #define PACKAGE_URL ""
| #define PACKAGE "libjpeg"
| #define VERSION "8.0"
| #define PROTOTYPES 1
| #define __PROTOTYPES 1
| #define STDC_HEADERS 1
| #define HAVE_SYS_TYPES_H 1
| #define HAVE_SYS_STAT_H 1
| #define HAVE_STDLIB_H 1
| #define HAVE_STRING_H 1
| #define HAVE_MEMORY_H 1
| #define HAVE_STRINGS_H 1
| #define HAVE_INTTYPES_H 1
| #define HAVE_STDINT_H 1
| #define HAVE_UNISTD_H 1
| #define HAVE_STRING_H 1
| #define HAVE_PROTOTYPES 1
| #define HAVE_STDDEF_H 1
| #define HAVE_STDLIB_H 1
| #define HAVE_LOCALE_H 1
| #define HAVE_UNSIGNED_CHAR 1
| #define HAVE_UNSIGNED_SHORT 1
| #define INLINE __inline__
| /* end confdefs.h.  */
| #include <stdio.h>
| #ifdef HAVE_SYS_TYPES_H
| # include <sys/types.h>
| #endif
| #ifdef HAVE_SYS_STAT_H
| # include <sys/stat.h>
| #endif
| #ifdef STDC_HEADERS
| # include <stdlib.h>
| # include <stddef.h>
| #else
| # ifdef HAVE_STDLIB_H
| #  include <stdlib.h>
| # endif
| #endif
| #ifdef HAVE_STRING_H
| # if !defined STDC_HEADERS && defined HAVE_MEMORY_H
| #  include <memory.h>
| # endif
| # include <string.h>
| #endif
| #ifdef HAVE_STRINGS_H
| # include <strings.h>
| #endif
| #ifdef HAVE_INTTYPES_H
| # include <inttypes.h>
| #endif
| #ifdef HAVE_STDINT_H
| # include <stdint.h>
| #endif
| #ifdef HAVE_UNISTD_H
| # include <unistd.h>
| #endif
| 
| #include <dlfcn.h>
configure.new:8898: result: no
configure.new:9080: checking for objdir
configure.new:9095: result: .libs
configure.new:9387: checking if x86_64-w64-mingw32-gcc supports -fno-rtti -fno-exceptions
configure.new:9405: x86_64-w64-mingw32-gcc -c -g -O2  -fno-rtti -fno-exceptions conftest.c >&5
cc1: warning: command line option '-fno-rtti' is valid for C++/ObjC++ but not for C
configure.new:9409: $? = 0
configure.new:9422: result: no
configure.new:9442: checking for x86_64-w64-mingw32-gcc option to produce PIC
configure.new:9714: result: -fPIC -DPIC
configure.new:9726: checking if x86_64-w64-mingw32-gcc PIC flag -fPIC -DPIC works
configure.new:9744: x86_64-w64-mingw32-gcc -c -g -O2  -fPIC -DPIC -DPIC conftest.c >&5
configure.new:9748: $? = 0
configure.new:9761: result: yes
configure.new:9785: checking if x86_64-w64-mingw32-gcc static flag -static works
configure.new:9813: result: yes
configure.new:9828: checking if x86_64-w64-mingw32-gcc supports -c -o file.o
configure.new:9849: x86_64-w64-mingw32-gcc -c -g -O2  -o out/conftest2.o conftest.c >&5
configure.new:9853: $? = 0
configure.new:9875: result: yes
configure.new:9883: checking if x86_64-w64-mingw32-gcc supports -c -o file.o
configure.new:9930: result: yes
configure.new:9963: checking whether the x86_64-w64-mingw32-gcc linker (/usr/bin/x86_64-w64-mingw32-ld) supports shared libraries
configure.new:10949: result: yes
configure.new:10986: checking whether -lc should be explicitly linked in
configure.new:10991: x86_64-w64-mingw32-gcc -c -g -O2  conftest.c >&5
configure.new:10994: $? = 0
configure.new:11009: x86_64-w64-mingw32-gcc -shared conftest.o  -v -Wl,-soname -Wl,conftest -o conftest 2\>\&1 \| /bin/grep  -lc  \>/dev/null 2\>\&1
configure.new:11012: $? = 1
configure.new:11024: result: yes
configure.new:11188: checking dynamic linker characteristics
configure.new:11621: x86_64-w64-mingw32-gcc -o conftest.exe -g -O2   -Wl,-rpath -Wl,/foo conftest.c  >&5
configure.new:11621: $? = 0
configure.new:11839: result: GNU/Linux ld.so
configure.new:11941: checking how to hardcode library paths into programs
configure.new:11966: result: immediate
configure.new:12486: checking whether stripping libraries is possible
configure.new:12491: result: yes
configure.new:12526: checking if libtool supports shared libraries
configure.new:12528: result: yes
configure.new:12531: checking whether to build shared libraries
configure.new:12552: result: yes
configure.new:12555: checking whether to build static libraries
configure.new:12559: result: yes
configure.new:12675: checking libjpeg version number
configure.new:12679: result: 8:0
configure.new:12815: creating ./config.status

## ---------------------- ##
## Running config.status. ##
## ---------------------- ##

This file was extended by libjpeg config.status 8.0, which was
generated by GNU Autoconf 2.65.  Invocation command line was

  CONFIG_FILES    = 
  CONFIG_HEADERS  = 
  CONFIG_LINKS    = 
  CONFIG_COMMANDS = 
  $ ./config.status 

on anon

config.status:: creating Makefile
config.status:: creating jconfig.h
config.status:: jconfig.h is unchanged
config.status:: executing depfiles commands
config.status:: executing libtool commands

## ---------------- ##
## Cache variables. ##
## ---------------- ##

ac_cv_build=x86_64-unknown-linux-gnu
ac_cv_c_compiler_gnu=yes
ac_cv_c_const=yes
ac_cv_env_CC_set=set
ac_cv_env_CC_value=x86_64-w64-mingw32-gcc
ac_cv_env_CFLAGS_set=
ac_cv_env_CFLAGS_value=
ac_cv_env_CPPFLAGS_set=
ac_cv_env_CPPFLAGS_value=
ac_cv_env_CPP_set=
ac_cv_env_CPP_value=
ac_cv_env_LDFLAGS_set=
ac_cv_env_LDFLAGS_value=
ac_cv_env_LIBS_set=
ac_cv_env_LIBS_value=
ac_cv_env_build_alias_set=
ac_cv_env_build_alias_value=
ac_cv_env_host_alias_set=set
ac_cv_env_host_alias_value=x86_64-unknown-linux-gnu
ac_cv_env_target_alias_set=
ac_cv_env_target_alias_value=
ac_cv_exeext=.exe
ac_cv_header_dlfcn_h=no
ac_cv_header_inttypes_h=yes
ac_cv_header_locale_h=yes
ac_cv_header_memory_h=yes
ac_cv_header_stdc=yes
ac_cv_header_stddef_h=yes
ac_cv_header_stdint_h=yes
ac_cv_header_stdlib_h=yes
ac_cv_header_string_h=yes
ac_cv_header_strings_h=yes
ac_cv_header_sys_stat_h=yes
ac_cv_header_sys_types_h=yes
ac_cv_header_unistd_h=yes
ac_cv_host=x86_64-unknown-linux-gnu
ac_cv_objext=o
ac_cv_path_EGREP='/bin/grep -E'
ac_cv_path_FGREP='/bin/grep -F'
ac_cv_path_GREP=/bin/grep
ac_cv_path_SED=/bin/sed
ac_cv_path_install='/usr/bin/install -c'
ac_cv_path_mkdir=/bin/mkdir
ac_cv_prog_AWK=gawk
ac_cv_prog_CC=x86_64-w64-mingw32-gcc
ac_cv_prog_CPP='x86_64-w64-mingw32-gcc -E'
ac_cv_prog_OBJDUMP=objdump
ac_cv_prog_STRIP=strip
ac_cv_prog_ac_ct_AR=ar
ac_cv_prog_ac_ct_RANLIB=ranlib
ac_cv_prog_ac_ct_STRIP=strip
ac_cv_prog_cc_c89=
ac_cv_prog_cc_c99=
ac_cv_prog_cc_g=yes
ac_cv_prog_cc_stdc=
ac_cv_prog_make_make_set=yes
ac_cv_target=x86_64-unknown-linux-gnu
am_cv_CC_dependencies_compiler_type=none
ijg_cv_have_prototypes=yes
ijg_cv_inline=__inline__
lt_cv_deplibs_check_method=pass_all
lt_cv_file_magic_cmd='$MAGIC_CMD'
lt_cv_file_magic_test_file=
lt_cv_ld_reload_flag=-r
lt_cv_nm_interface='BSD nm'
lt_cv_objdir=.libs
lt_cv_path_LD=/usr/bin/x86_64-w64-mingw32-ld
lt_cv_path_NM='/usr/bin/nm -B'
lt_cv_prog_compiler_c_o=yes
lt_cv_prog_compiler_pic_works=yes
lt_cv_prog_compiler_rtti_exceptions=no
lt_cv_prog_compiler_static_works=yes
lt_cv_prog_gnu_ld=yes
lt_cv_sys_global_symbol_pipe='sed -n -e '\''s/^.*[	 ]\([ABCDGIRSTW][ABCDGIRSTW]*\)[	 ][	 ]*\([_A-Za-z][_A-Za-z0-9]*\)$/\1 \2 \2/p'\'''
lt_cv_sys_global_symbol_to_c_name_address='sed -n -e '\''s/^: \([^ ]*\) $/  {\"\1\", (void *) 0},/p'\'' -e '\''s/^[ABCDGIRSTW]* \([^ ]*\) \([^ ]*\)$/  {"\2", (void *) \&\2},/p'\'''
lt_cv_sys_global_symbol_to_c_name_address_lib_prefix='sed -n -e '\''s/^: \([^ ]*\) $/  {\"\1\", (void *) 0},/p'\'' -e '\''s/^[ABCDGIRSTW]* \([^ ]*\) \(lib[^ ]*\)$/  {"\2", (void *) \&\2},/p'\'' -e '\''s/^[ABCDGIRSTW]* \([^ ]*\) \([^ ]*\)$/  {"lib\2", (void *) \&\2},/p'\'''
lt_cv_sys_global_symbol_to_cdecl='sed -n -e '\''s/^T .* \(.*\)$/extern int \1();/p'\'' -e '\''s/^[ABCDGIRSTW]* .* \(.*\)$/extern char \1;/p'\'''
lt_cv_sys_max_cmd_len=1572864

## ----------------- ##
## Output variables. ##
## ----------------- ##

ACLOCAL='aclocal-1.11'
AMDEPBACKSLASH='\'
AMDEP_FALSE='#'
AMDEP_TRUE=''
AMTAR='tar'
AM_BACKSLASH='\'
AM_DEFAULT_VERBOSITY='0'
ANSI2KNR=''
AR='ar'
AS='as'
AUTOCONF='autoconf'
AUTOHEADER='echo autoheader ignored'
AUTOMAKE='automake-1.11'
AWK='gawk'
CC='x86_64-w64-mingw32-gcc'
CCDEPMODE='depmode=none'
CFLAGS='-g -O2'
CPP='x86_64-w64-mingw32-gcc -E'
CPPFLAGS=''
CYGPATH_W='echo'
DEFS='-DHAVE_CONFIG_H'
DEPDIR='.deps'
DLLTOOL='dlltool'
DSYMUTIL=''
DUMPBIN=''
ECHO_C=''
ECHO_N='-n'
ECHO_T=''
EGREP='/bin/grep -E'
EXEEXT='.exe'
FGREP='/bin/grep -F'
GREP='/bin/grep'
HAVE_LD_VERSION_SCRIPT_FALSE='#'
HAVE_LD_VERSION_SCRIPT_TRUE=''
INSTALL_DATA='${INSTALL} -m 644'
INSTALL_PROGRAM='${INSTALL}'
INSTALL_SCRIPT='${INSTALL}'
INSTALL_STRIP_PROGRAM='$(install_sh) -c -s'
JPEG_LIB_VERSION='8:0'
LD='/usr/bin/x86_64-w64-mingw32-ld'
LDFLAGS=''
LIBOBJS=''
LIBS=''
LIBTOOL='$(SHELL) $(top_builddir)/libtool'
LIPO=''
LN_S='ln -s'
LTLIBOBJS=''
MAINT='#'
MAINTAINER_MODE_FALSE=''
MAINTAINER_MODE_TRUE='#'
MAKEINFO='makeinfo'
MEMORYMGR='jmemnobs'
MKDIR_P='/bin/mkdir -p'
NM='/usr/bin/nm -B'
NMEDIT=''
OBJDUMP='objdump'
OBJEXT='o'
OTOOL64=''
OTOOL=''
PACKAGE='libjpeg'
PACKAGE_BUGREPORT=''
PACKAGE_NAME='libjpeg'
PACKAGE_STRING='libjpeg 8.0'
PACKAGE_TARNAME='libjpeg'
PACKAGE_URL=''
PACKAGE_VERSION='8.0'
PATH_SEPARATOR=':'
RANLIB='ranlib'
SED='/bin/sed'
SET_MAKE=''
SHELL='/bin/sh'
STRIP='strip'
U=''
VERSION='8.0'
ac_ct_CC=''
ac_ct_DUMPBIN=''
am__EXEEXT_FALSE='#'
am__EXEEXT_TRUE=''
am__fastdepCC_FALSE=''
am__fastdepCC_TRUE='#'
am__include='include'
am__isrc=''
am__leading_dot='.'
am__quote=''
am__tar='${AMTAR} chof - "$$tardir"'
am__untar='${AMTAR} xf -'
bindir='${exec_prefix}/bin'
build='x86_64-unknown-linux-gnu'
build_alias=''
build_cpu='x86_64'
build_os='linux-gnu'
build_vendor='unknown'
datadir='${datarootdir}'
datarootdir='${prefix}/share'
docdir='${datarootdir}/doc/${PACKAGE_TARNAME}'
dvidir='${docdir}'
exec_prefix='${prefix}'
host='x86_64-unknown-linux-gnu'
host_alias='x86_64-unknown-linux-gnu'
host_cpu='x86_64'
host_os='linux-gnu'
host_vendor='unknown'
htmldir='${docdir}'
includedir='${prefix}/include'
infodir='${datarootdir}/info'
install_sh='${SHELL} /home/vladimir/dev/metasploit-payloads/c/meterpreter/source/jpeg-8/install-sh'
libdir='${exec_prefix}/lib'
libexecdir='${exec_prefix}/libexec'
localedir='${datarootdir}/locale'
localstatedir='${prefix}/var'
lt_ECHO='echo'
mandir='${datarootdir}/man'
mkdir_p='/bin/mkdir -p'
oldincludedir='/usr/include'
pdfdir='${docdir}'
prefix='/usr/local'
program_transform_name='s,x,x,'
psdir='${docdir}'
sbindir='${exec_prefix}/sbin'
sharedstatedir='${prefix}/com'
sysconfdir='${prefix}/etc'
target='x86_64-unknown-linux-gnu'
target_alias=''
target_cpu='x86_64'
target_os='linux-gnu'
target_vendor='unknown'

## ----------- ##
## confdefs.h. ##
## ----------- ##

/* confdefs.h */
#define PACKAGE_NAME "libjpeg"
#define PACKAGE_TARNAME "libjpeg"
#define PACKAGE_VERSION "8.0"
#define PACKAGE_STRING "libjpeg 8.0"
#define PACKAGE_BUGREPORT ""
#define PACKAGE_URL ""
#define PACKAGE "libjpeg"
#define VERSION "8.0"
#define PROTOTYPES 1
#define __PROTOTYPES 1
#define STDC_HEADERS 1
#define HAVE_SYS_TYPES_H 1
#define HAVE_SYS_STAT_H 1
#define HAVE_STDLIB_H 1
#define HAVE_STRING_H 1
#define HAVE_MEMORY_H 1
#define HAVE_STRINGS_H 1
#define HAVE_INTTYPES_H 1
#define HAVE_STDINT_H 1
#define HAVE_UNISTD_H 1
#define HAVE_STRING_H 1
#define HAVE_PROTOTYPES 1
#define HAVE_STDDEF_H 1
#define HAVE_STDLIB_H 1
#define HAVE_LOCALE_H 1
#define HAVE_UNSIGNED_CHAR 1
#define HAVE_UNSIGNED_SHORT 1
#define INLINE __inline__
#define LT_OBJDIR ".libs/"

configure.new: exit 0
